<?xml version="1.0" encoding="UTF-8"?>
<testsuite xmlns:xsi="http://www.w3.org/2001/XMLSchema-instance" xsi:noNamespaceSchemaLocation="https://maven.apache.org/surefire/maven-surefire-plugin/xsd/surefire-test-report.xsd" name="com.example.model.MatriculaTest" time="0.132" tests="3" errors="0" skipped="0" failures="0">
  <properties>
[...]
</properties>
  <testcase name="getImporteIterationsTest" classname="com.example.model.MatriculaTest" time="0.119"/>
  <testcase name="null_vector_Throws_Exception" classname="com.example.model.MatriculaTest" time="0.003"/>
  <testcase name="getImporteTest" classname="com.example.model.MatriculaTest" time="0.004"/>
</testsuite>